18:06:54.987 INFO [GridLauncherV3.parse] - Selenium server version: 3.141.59, revision: e82be7d358
18:06:55.096 INFO [GridLauncherV3.lambda$buildLaunchers$3] - Launching a standalone Selenium Server on port 4444
2019-10-19 18:06:55.191:INFO::main: Logging initialized @455ms to org.seleniumhq.jetty9.util.log.StdErrLog
18:06:55.618 INFO [WebDriverServlet.<init>] - Initialising WebDriverServlet
18:06:56.578 INFO [SeleniumServer.boot] - Selenium Server is up and running on port 4444
18:06:57.191 INFO [ActiveSessionFactory.apply] - Capabilities are: {
  "acceptSslCerts": true,
  "browserName": "chrome",
  "chromeOptions": {
    "w3c": false
  },
  "name": "Food Network"
}
18:06:57.195 INFO [ActiveSessionFactory.lambda$apply$11] - Matched factory org.openqa.selenium.grid.session.remote.ServicedSession$Factory (provider: org.openqa.selenium.chrome.ChromeDriverService)
Starting ChromeDriver 77.0.3865.40 (f484704e052e0b556f8030b65b953dce96503217-refs/branch-heads/3865@{#442}) on port 28502
Only local connections are allowed.
Please protect ports used by ChromeDriver and related test frameworks to prevent access by malicious code.
[1571530021.250][WARNING]: Timed out connecting to Chrome, retrying...
18:07:03.495 INFO [ProtocolHandshake.createSession] - Detected dialect: OSS
18:07:04.035 INFO [RemoteSession$Factory.lambda$performHandshake$0] - Started new session e4e8db3598189a30299b5d8b1fff6fbd (org.openqa.selenium.chrome.ChromeDriverService)
[1571530044.512][WARNING]: Timed out connecting to Chrome, retrying...
18:10:46.040 INFO [ActiveSessions$1.onStop] - Removing session e4e8db3598189a30299b5d8b1fff6fbd (org.openqa.selenium.chrome.ChromeDriverService)
18:10:46.127 INFO [ActiveSessionFactory.apply] - Capabilities are: {
  "acceptSslCerts": true,
  "browserName": "chrome",
  "chromeOptions": {
    "w3c": false
  },
  "name": "Food Network Get Dinner"
}
18:10:46.128 INFO [ActiveSessionFactory.lambda$apply$11] - Matched factory org.openqa.selenium.grid.session.remote.ServicedSession$Factory (provider: org.openqa.selenium.chrome.ChromeDriverService)
Starting ChromeDriver 77.0.3865.40 (f484704e052e0b556f8030b65b953dce96503217-refs/branch-heads/3865@{#442}) on port 28313
Only local connections are allowed.
Please protect ports used by ChromeDriver and related test frameworks to prevent access by malicious code.
[1571530250.627][WARNING]: Timed out connecting to Chrome, retrying...
18:10:52.774 INFO [ProtocolHandshake.createSession] - Detected dialect: OSS
18:10:52.859 INFO [RemoteSession$Factory.lambda$performHandshake$0] - Started new session 6164106c0d8b7c4ec058759d538e40cb (org.openqa.selenium.chrome.ChromeDriverService)
[1571530282.406][WARNING]: Timed out connecting to Chrome, retrying...
[1571530287.172][WARNING]: Timed out connecting to Chrome, retrying...
18:12:35.390 INFO [ActiveSessions$1.onStop] - Removing session 6164106c0d8b7c4ec058759d538e40cb (org.openqa.selenium.chrome.ChromeDriverService)
18:12:35.542 INFO [ActiveSessionFactory.apply] - Capabilities are: {
  "acceptSslCerts": true,
  "browserName": "chrome",
  "chromeOptions": {
    "w3c": false
  },
  "name": "Food Network To Image"
}
18:12:35.543 INFO [ActiveSessionFactory.lambda$apply$11] - Matched factory org.openqa.selenium.grid.session.remote.ServicedSession$Factory (provider: org.openqa.selenium.chrome.ChromeDriverService)
Starting ChromeDriver 77.0.3865.40 (f484704e052e0b556f8030b65b953dce96503217-refs/branch-heads/3865@{#442}) on port 47849
Only local connections are allowed.
Please protect ports used by ChromeDriver and related test frameworks to prevent access by malicious code.
[1571530359.511][WARNING]: Timed out connecting to Chrome, retrying...
18:12:41.757 INFO [ProtocolHandshake.createSession] - Detected dialect: OSS
18:12:41.803 INFO [RemoteSession$Factory.lambda$performHandshake$0] - Started new session 21d03ec836df9cafd31b21c7047ac0f0 (org.openqa.selenium.chrome.ChromeDriverService)
[1571530365.250][WARNING]: Timed out connecting to Chrome, retrying...
18:14:13.255 INFO [ActiveSessions$1.onStop] - Removing session 21d03ec836df9cafd31b21c7047ac0f0 (org.openqa.selenium.chrome.ChromeDriverService)
